theta0: 0.5219611236543422
theta1: -11.784580990175138
temp: 163.67403226164535
likehoodSum: 0.0
------------------------
theta0: 1.0419609952132258
theta1: 25.925418793783628
temp: 1422.3144835725914
likehoodSum: 9.99000505099e-241
------------------------
theta0: 0.5619709951132271
theta1: 13.135923788733681
temp: 163.80157288439355
likehoodSum: 9.99000505099e-241
------------------------
theta0: 0.08198099501322842
theta1: 0.3464287836837343
temp: 163.80157288439355
likehoodSum: 1.7479629899266596e-163
------------------------
theta0: -0.3814886300124576
theta1: -12.349842779215185
temp: 161.41011569219722
likehoodSum: 0.0
------------------------
theta0: 0.13851134041738622
theta1: 25.36015717104688
temp: 1422.3144962180122
likehoodSum: 9.99000505099e-241
------------------------
